


ARM Macro Assembler    Page 1 


    1 00000000         ;*------------------------------------------------------
                       ----------------------
    2 00000000         ;* Name:     fibonacci
    3 00000000         ;* Purpose:  fib calculator
    4 00000000         ;* Author:      thomas arellano 
    5 00000000         ;*------------------------------------------------------
                       ----------------------
    6 00000000         ;*------------------------------------------------------
                       ----------------------
    7 00000000         ;* This is where you put the program code (instructions)
                       .
    8 00000000         ;* This section is a read-only segment.
    9 00000000         ;*------------------------------------------------------
                       ----------------------
   10 00000000                 THUMB
   11 00000000                 AREA             MyCode, CODE, READONLY
   12 00000000                 ENTRY
   13 00000000         
   14 00000000         main    PROC
   15 00000000                 EXPORT           main
   16 00000000         ;*------------------------------------------------------
                       ----------------------
   17 00000000         ;* READONLY Instruction section
   18 00000000         ;*------------------------------------------------------
                       ----------------------
   19 00000000         
   20 00000000 490F            LDR              r1, N
   21 00000002 4C10            LDR              r4,=SUM
   22 00000004 F04F 0000       MOV              r0,#0
   23 00000008 F000 F802       BL               FIB
   24 0000000C 6020            STR              r0,[r4]
   25 0000000E E7FE    STOP    B                STOP        ; Loop forever (som
                                                            ewhat of a terminat
                                                            ion)
   26 00000010         
   27 00000010         
   28 00000010 E92D 4806 
                       FIB     STMDB            SP!, {R1,R2,FP,LR}
   29 00000014         
   30 00000014 F091 0F00       TEQ              r1, #0
   31 00000018 BF08 3000       ADDEQ            r0, #0
   32 0000001C D00E            BEQ              exit
   33 0000001E         
   34 0000001E F091 0F01       TEQ              r1, #1
   35 00000022 BF08 3001       ADDEQ            r0, #1
   36 00000026 D009            BEQ              exit
   37 00000028         
   38 00000028 460A            MOV              r2, r1
   39 0000002A F1A1 0101       SUB              r1, #1
   40 0000002E F7FF FFEF       BL               FIB
   41 00000032         
   42 00000032         
   43 00000032 F1A2 0202       SUB              r2, #2
   44 00000036 4611            MOV              r1, r2
   45 00000038 F7FF FFEA       BL               FIB
   46 0000003C         
   47 0000003C         
   48 0000003C E8BD 8806 
                       exit    LDMIA            SP!, {R1,R2,FP,PC}



ARM Macro Assembler    Page 2 


   49 00000040         
   50 00000040         ;*------------------------------------------------------
                       ----------------------
   51 00000040         
   52 00000040                 ENDP                         ; main
   53 00000040         
   54 00000040         ;*------------------------------------------------------
                       ----------------------
   55 00000040         ;* READONLY DATA section
   56 00000040         ;*------------------------------------------------------
                       ----------------------
   57 00000040         
   58 00000040 0000000F 
                       N       DCD              15
   59 00000044         
   60 00000044         ;*------------------------------------------------------
                       ----------------------
   61 00000044         ;* READWRITE DATA section.
   62 00000044         ;*------------------------------------------------------
                       ----------------------
   63 00000044 00000000        AREA             MyData, DATA, READWRITE
   64 00000000 00000000 
                       SUM     DCD              0
   65 00000004         
   66 00000004                 END
Command Line: --debug --xref --diag_suppress=9931 --cpu=Cortex-M3 --apcs=interw
ork --depend=.\objects\fibonacci.d -o.\objects\fibonacci.o -IC:\assembly\fiboni
cci\RTE -IC:\Keil_v5\ARM\PACK\ARM\CMSIS\4.5.0\Device\ARM\ARMCM3\Include -IC:\Ke
il_v5\ARM\CMSIS\Include --predefine="__EVAL SETA 1" --predefine="__UVISION_VERS
ION SETA 521" --predefine="ARMCM3 SETA 1" --list=.\listings\fibonacci.lst fibon
acci.s



ARM Macro Assembler    Page 1 Alphabetic symbol ordering
Relocatable symbols

FIB 00000010

Symbol: FIB
   Definitions
      At line 28 in file fibonacci.s
   Uses
      At line 23 in file fibonacci.s
      At line 40 in file fibonacci.s
      At line 45 in file fibonacci.s

MyCode 00000000

Symbol: MyCode
   Definitions
      At line 11 in file fibonacci.s
   Uses
      None
Comment: MyCode unused
N 00000040

Symbol: N
   Definitions
      At line 58 in file fibonacci.s
   Uses
      At line 20 in file fibonacci.s
Comment: N used once
STOP 0000000E

Symbol: STOP
   Definitions
      At line 25 in file fibonacci.s
   Uses
      At line 25 in file fibonacci.s
Comment: STOP used once
exit 0000003C

Symbol: exit
   Definitions
      At line 48 in file fibonacci.s
   Uses
      At line 32 in file fibonacci.s
      At line 36 in file fibonacci.s

main 00000000

Symbol: main
   Definitions
      At line 14 in file fibonacci.s
   Uses
      At line 15 in file fibonacci.s
Comment: main used once
6 symbols



ARM Macro Assembler    Page 1 Alphabetic symbol ordering
Relocatable symbols

MyData 00000000

Symbol: MyData
   Definitions
      At line 63 in file fibonacci.s
   Uses
      None
Comment: MyData unused
SUM 00000000

Symbol: SUM
   Definitions
      At line 64 in file fibonacci.s
   Uses
      At line 21 in file fibonacci.s
Comment: SUM used once
2 symbols
343 symbols in table
