


ARM Macro Assembler    Page 1 


    1 00000000         ;*------------------------------------------------------
                       ----------------------
    2 00000000         ;* Name:     sumn.s
    3 00000000         ;* Purpose:  Sum n example from class
    4 00000000         ;* Author:      ECE 222 (H. Patel) 
    5 00000000         ;*------------------------------------------------------
                       ----------------------
    6 00000000         ;*------------------------------------------------------
                       ----------------------
    7 00000000         ;* This is where you put the program code (instructions)
                       .
    8 00000000         ;* This section is a read-only segment.
    9 00000000         ;*------------------------------------------------------
                       ----------------------
   10 00000000                 THUMB
   11 00000000                 AREA             MyCode, CODE, READONLY
   12 00000000                 ENTRY
   13 00000000         
   14 00000000         main    PROC
   15 00000000                 EXPORT           main
   16 00000000         ;*------------------------------------------------------
                       ----------------------
   17 00000000         ;* READONLY Instruction section
   18 00000000         ;*------------------------------------------------------
                       ----------------------
   19 00000000         ;* This is where you should put your instructions.
   20 00000000         ;*------------------------------------------------------
                       ----------------------
   21 00000000         
   22 00000000 4910            LDR              r1, N
   23 00000002 4A16            LDR              r2, =NUM1
   24 00000004 4C16            LDR              r4,=SUM
   25 00000006 F04F 0000       MOV              r0,#0
   26 0000000A         
   27 0000000A F000 F802       BL               FIB
   28 0000000E         
   29 0000000E 6020            STR              r0,[r4]
   30 00000010 E7FE    STOP    B                STOP        ; Loop forever (som
                                                            ewhat of a terminat
                                                            ion)
   31 00000012         
   32 00000012         
   33 00000012 E92D 4806 
                       FIB     STMDB            SP!, {R1,R2,FP,LR}
   34 00000016         
   35 00000016 F091 0F00       TEQ              r1, #0
   36 0000001A BF08 3000       ADDEQ            r0, #0
   37 0000001E D00E            BEQ              exit
   38 00000020         
   39 00000020 F091 0F01       TEQ              r1, #1
   40 00000024 BF08 3001       ADDEQ            r0, #1
   41 00000028 D009            BEQ              exit
   42 0000002A         
   43 0000002A 460A            MOV              r2, r1
   44 0000002C F1A1 0101       SUB              r1, #1
   45 00000030 F7FF FFEF       BL               FIB
   46 00000034         
   47 00000034         
   48 00000034 F1A2 0202       SUB              r2, #2



ARM Macro Assembler    Page 2 


   49 00000038 4611            MOV              r1, r2
   50 0000003A F7FF FFEA       BL               FIB
   51 0000003E         
   52 0000003E         
   53 0000003E E8BD 8806 
                       exit    LDMIA            SP!, {R1,R2,FP,PC}
   54 00000042         
   55 00000042         ;*------------------------------------------------------
                       ----------------------
   56 00000042         ;* This is the end of the section where you put your ins
                       tructions.
   57 00000042         ;*------------------------------------------------------
                       ----------------------
   58 00000042                 ENDP                         ; main
   59 00000042         
   60 00000042         ;*------------------------------------------------------
                       ----------------------
   61 00000042         ;* READONLY DATA section
   62 00000042         ;*------------------------------------------------------
                       ----------------------
   63 00000042         ;* This is where you can have your READONLY data values
   64 00000042         ;*------------------------------------------------------
                       ----------------------
   65 00000042         
   66 00000042 00 00 0000000F 
                       N       DCD              15
   67 00000048 00000000 
              00000001 
              00000002 
              00000003 
              00000004 NUM1    DCD              0,1,2,3,4
   68 0000005C         
   69 0000005C         ;*------------------------------------------------------
                       ----------------------
   70 0000005C         ;* READWRITE DATA section.
   71 0000005C         ;*------------------------------------------------------
                       ----------------------
   72 0000005C         ;* This is where you can put your READWRITE DATA.
   73 0000005C         ;* Note that the defaults are not initialized in this se
                       ction.
   74 0000005C         ;*------------------------------------------------------
                       ----------------------
   75 0000005C 00000000 
              00000000         AREA             MyData, DATA, READWRITE
   76 00000000 00000000 
                       SUM     DCD              0
   77 00000004         
   78 00000004                 END
Command Line: --debug --xref --diag_suppress=9931 --cpu=Cortex-M3 --apcs=interw
ork --depend=.\objects\sumn.d -o.\objects\sumn.o -IC:\assembly\fibonicci\RTE -I
C:\Keil_v5\ARM\PACK\ARM\CMSIS\4.5.0\Device\ARM\ARMCM3\Include -IC:\Keil_v5\ARM\
CMSIS\Include --predefine="__EVAL SETA 1" --predefine="__UVISION_VERSION SETA 5
21" --predefine="ARMCM3 SETA 1" --list=.\listings\sumn.lst sumn.s



ARM Macro Assembler    Page 1 Alphabetic symbol ordering
Relocatable symbols

FIB 00000012

Symbol: FIB
   Definitions
      At line 33 in file sumn.s
   Uses
      At line 27 in file sumn.s
      At line 45 in file sumn.s
      At line 50 in file sumn.s

MyCode 00000000

Symbol: MyCode
   Definitions
      At line 11 in file sumn.s
   Uses
      None
Comment: MyCode unused
N 00000044

Symbol: N
   Definitions
      At line 66 in file sumn.s
   Uses
      At line 22 in file sumn.s
Comment: N used once
NUM1 00000048

Symbol: NUM1
   Definitions
      At line 67 in file sumn.s
   Uses
      At line 23 in file sumn.s
Comment: NUM1 used once
STOP 00000010

Symbol: STOP
   Definitions
      At line 30 in file sumn.s
   Uses
      At line 30 in file sumn.s
Comment: STOP used once
exit 0000003E

Symbol: exit
   Definitions
      At line 53 in file sumn.s
   Uses
      At line 37 in file sumn.s
      At line 41 in file sumn.s

main 00000000

Symbol: main
   Definitions
      At line 14 in file sumn.s
   Uses
      At line 15 in file sumn.s
Comment: main used once



ARM Macro Assembler    Page 2 Alphabetic symbol ordering
Relocatable symbols

7 symbols



ARM Macro Assembler    Page 1 Alphabetic symbol ordering
Relocatable symbols

MyData 00000000

Symbol: MyData
   Definitions
      At line 75 in file sumn.s
   Uses
      None
Comment: MyData unused
SUM 00000000

Symbol: SUM
   Definitions
      At line 76 in file sumn.s
   Uses
      At line 24 in file sumn.s
Comment: SUM used once
2 symbols
344 symbols in table
